Thu Jul 28 2016 13:37:10 GMT-0400 (EDT): GET /about
Thu Jul 28 2016 13:37:11 GMT-0400 (EDT): GET /favicon.ico
Thu Jul 28 2016 13:42:16 GMT-0400 (EDT): GET /about
Thu Jul 28 2016 13:42:21 GMT-0400 (EDT): GET /
Thu Jul 28 2016 13:43:41 GMT-0400 (EDT): GET /help.html
Thu Jul 28 2016 13:43:46 GMT-0400 (EDT): GET /
Thu Jul 28 2016 13:46:17 GMT-0400 (EDT): GET /
Thu Jul 28 2016 13:46:42 GMT-0400 (EDT): GET /
Thu Jul 28 2016 13:46:45 GMT-0400 (EDT): GET /about
Sun Aug 13 2017 11:56:11 GMT-0600 (MDT): GET /
Sun Aug 13 2017 11:56:11 GMT-0600 (MDT): GET /favicon.ico
Sun Aug 13 2017 22:23:36 GMT-0600 (MDT): GET /
Sun Aug 13 2017 22:23:36 GMT-0600 (MDT): GET /favicon.ico
Sun Aug 13 2017 22:23:38 GMT-0600 (MDT): GET /projects
Sun Aug 13 2017 22:24:29 GMT-0600 (MDT): GET /projects
Thu Aug 31 2017 22:31:58 GMT-0600 (MDT): GET /
Thu Aug 31 2017 22:31:59 GMT-0600 (MDT): GET /favicon.ico
Thu Aug 31 2017 22:32:00 GMT-0600 (MDT): GET /favicon.ico
Thu Aug 31 2017 22:33:04 GMT-0600 (MDT): GET /
Thu Aug 31 2017 22:33:06 GMT-0600 (MDT): GET /
Thu Aug 31 2017 22:33:17 GMT-0600 (MDT): GET /
Thu Aug 31 2017 22:43:28 GMT-0600 (MDT): GET /
Thu Aug 31 2017 22:43:28 GMT-0600 (MDT): GET /static/bootstrap.css
Thu Aug 31 2017 22:43:28 GMT-0600 (MDT): GET /static/bootstrap.css
Thu Aug 31 2017 22:44:33 GMT-0600 (MDT): GET /
Thu Aug 31 2017 22:44:33 GMT-0600 (MDT): GET /static/bootstrap.css
Thu Aug 31 2017 22:44:59 GMT-0600 (MDT): GET /
Thu Aug 31 2017 22:44:59 GMT-0600 (MDT): GET /static/bootstrap.css
Thu Aug 31 2017 22:45:35 GMT-0600 (MDT): GET /
Thu Aug 31 2017 22:45:36 GMT-0600 (MDT): GET /static/bootstrap.css
Thu Aug 31 2017 22:47:41 GMT-0600 (MDT): GET /
Thu Aug 31 2017 22:47:41 GMT-0600 (MDT): GET /static/bootstrap.css
Thu Aug 31 2017 22:47:43 GMT-0600 (MDT): GET /
Thu Aug 31 2017 22:47:43 GMT-0600 (MDT): GET /static/bootstrap.css
Thu Aug 31 2017 22:47:44 GMT-0600 (MDT): GET /
Thu Aug 31 2017 22:47:44 GMT-0600 (MDT): GET /static/bootstrap.css
Thu Aug 31 2017 22:48:21 GMT-0600 (MDT): GET /
Thu Aug 31 2017 22:48:21 GMT-0600 (MDT): GET /static/bootstrap.css
Thu Aug 31 2017 22:48:22 GMT-0600 (MDT): GET /
Thu Aug 31 2017 22:48:22 GMT-0600 (MDT): GET /static/bootstrap.css
Thu Aug 31 2017 22:48:40 GMT-0600 (MDT): GET /
Thu Aug 31 2017 22:48:40 GMT-0600 (MDT): GET /static/bootstrap.css
Thu Aug 31 2017 22:48:42 GMT-0600 (MDT): GET /
Thu Aug 31 2017 22:48:42 GMT-0600 (MDT): GET /static/bootstrap.css
Thu Aug 31 2017 22:50:33 GMT-0600 (MDT): GET /
Thu Aug 31 2017 22:50:33 GMT-0600 (MDT): GET /static/bootstrap.css
Thu Aug 31 2017 22:58:11 GMT-0600 (MDT): GET /
Thu Aug 31 2017 22:58:11 GMT-0600 (MDT): GET /dist/css/bootstrap.min.css
Thu Aug 31 2017 22:58:11 GMT-0600 (MDT): GET /assets/css/ie10-viewport-bug-workaround.css
Thu Aug 31 2017 22:58:11 GMT-0600 (MDT): GET /jumbotron-narrow.css
Thu Aug 31 2017 22:58:11 GMT-0600 (MDT): GET /assets/js/ie-emulation-modes-warning.js
Thu Aug 31 2017 22:58:11 GMT-0600 (MDT): GET /assets/js/ie10-viewport-bug-workaround.js
Thu Aug 31 2017 22:58:11 GMT-0600 (MDT): GET /dist/css/bootstrap.min.css
Thu Aug 31 2017 22:58:11 GMT-0600 (MDT): GET /assets/css/ie10-viewport-bug-workaround.css
Thu Aug 31 2017 22:58:11 GMT-0600 (MDT): GET /jumbotron-narrow.css
Thu Aug 31 2017 22:58:11 GMT-0600 (MDT): GET /assets/js/ie-emulation-modes-warning.js
Thu Aug 31 2017 22:58:11 GMT-0600 (MDT): GET /assets/js/ie10-viewport-bug-workaround.js
Thu Aug 31 2017 22:58:13 GMT-0600 (MDT): GET /
Thu Aug 31 2017 22:58:13 GMT-0600 (MDT): GET /dist/css/bootstrap.min.css
Thu Aug 31 2017 22:58:13 GMT-0600 (MDT): GET /assets/css/ie10-viewport-bug-workaround.css
Thu Aug 31 2017 22:58:13 GMT-0600 (MDT): GET /jumbotron-narrow.css
Thu Aug 31 2017 22:58:13 GMT-0600 (MDT): GET /assets/js/ie-emulation-modes-warning.js
Thu Aug 31 2017 22:58:13 GMT-0600 (MDT): GET /assets/js/ie10-viewport-bug-workaround.js
Thu Aug 31 2017 22:58:13 GMT-0600 (MDT): GET /assets/js/ie10-viewport-bug-workaround.js
Thu Aug 31 2017 22:58:54 GMT-0600 (MDT): GET /
Thu Aug 31 2017 22:58:54 GMT-0600 (MDT): GET /dist/css/bootstrap.min.css
Thu Aug 31 2017 22:58:54 GMT-0600 (MDT): GET /assets/css/ie10-viewport-bug-workaround.css
Thu Aug 31 2017 22:58:54 GMT-0600 (MDT): GET /jumbotron-narrow.css
Thu Aug 31 2017 22:58:54 GMT-0600 (MDT): GET /assets/js/ie-emulation-modes-warning.js
Thu Aug 31 2017 22:58:54 GMT-0600 (MDT): GET /assets/js/ie10-viewport-bug-workaround.js
Thu Aug 31 2017 22:58:54 GMT-0600 (MDT): GET /assets/js/ie10-viewport-bug-workaround.js
Thu Aug 31 2017 23:01:29 GMT-0600 (MDT): GET /
Thu Aug 31 2017 23:01:29 GMT-0600 (MDT): GET /dist/css/bootstrap.min.css
Thu Aug 31 2017 23:01:29 GMT-0600 (MDT): GET /assets/css/ie10-viewport-bug-workaround.css
Thu Aug 31 2017 23:01:29 GMT-0600 (MDT): GET /assets/js/ie-emulation-modes-warning.js
Thu Aug 31 2017 23:01:29 GMT-0600 (MDT): GET /jumbotron-narrow.css
Thu Aug 31 2017 23:01:29 GMT-0600 (MDT): GET /assets/js/ie10-viewport-bug-workaround.js
Thu Aug 31 2017 23:01:29 GMT-0600 (MDT): GET /assets/js/ie10-viewport-bug-workaround.js
Fri Sep 01 2017 00:06:11 GMT-0600 (MDT): GET /
Fri Sep 01 2017 00:06:56 GMT-0600 (MDT): GET /
Fri Sep 01 2017 00:07:28 GMT-0600 (MDT): GET /
Fri Sep 01 2017 00:07:30 GMT-0600 (MDT): GET /
Fri Sep 01 2017 00:08:44 GMT-0600 (MDT): GET /
Fri Sep 01 2017 00:08:44 GMT-0600 (MDT): GET /css/bootstrap.min.css
Fri Sep 01 2017 00:08:44 GMT-0600 (MDT): GET /css/ie10-viewport-bug-workaround.css
Fri Sep 01 2017 00:08:44 GMT-0600 (MDT): GET /assets/js/ie-emulation-modes-warning.js
Fri Sep 01 2017 00:08:44 GMT-0600 (MDT): GET /jumbotron-narrow.css
Fri Sep 01 2017 00:08:44 GMT-0600 (MDT): GET /assets/js/ie10-viewport-bug-workaround.js
Fri Sep 01 2017 00:08:44 GMT-0600 (MDT): GET /assets/js/ie10-viewport-bug-workaround.js
Fri Sep 01 2017 00:09:49 GMT-0600 (MDT): GET /
Fri Sep 01 2017 00:09:50 GMT-0600 (MDT): GET /css/bootstrap.min.css
Fri Sep 01 2017 00:09:50 GMT-0600 (MDT): GET /css/ie10-viewport-bug-workaround.css
Fri Sep 01 2017 00:09:50 GMT-0600 (MDT): GET /jumbotron-narrow.css
Fri Sep 01 2017 00:09:50 GMT-0600 (MDT): GET /assets/js/ie-emulation-modes-warning.js
Fri Sep 01 2017 00:09:50 GMT-0600 (MDT): GET /assets/js/ie10-viewport-bug-workaround.js
Fri Sep 01 2017 00:09:50 GMT-0600 (MDT): GET /assets/js/ie10-viewport-bug-workaround.js
Fri Sep 01 2017 00:19:14 GMT-0600 (MDT): GET /
Fri Sep 01 2017 00:19:15 GMT-0600 (MDT): GET /css/bootstrap.min.css
Fri Sep 01 2017 00:19:15 GMT-0600 (MDT): GET /css/ie10-viewport-bug-workaround.css
Fri Sep 01 2017 00:19:15 GMT-0600 (MDT): GET /assets/js/ie10-viewport-bug-workaround.js
Fri Sep 01 2017 00:19:15 GMT-0600 (MDT): GET /jumbotron-narrow.css
Fri Sep 01 2017 00:20:11 GMT-0600 (MDT): GET /
Fri Sep 01 2017 00:20:11 GMT-0600 (MDT): GET /css/bootstrap.min.css
Fri Sep 01 2017 00:20:11 GMT-0600 (MDT): GET /css/ie10-viewport-bug-workaround.css
Fri Sep 01 2017 00:20:11 GMT-0600 (MDT): GET /jumbotron-narrow.css
Fri Sep 01 2017 00:20:11 GMT-0600 (MDT): GET /assets/js/ie10-viewport-bug-workaround.js
Fri Sep 01 2017 00:20:43 GMT-0600 (MDT): GET /
Fri Sep 01 2017 00:20:44 GMT-0600 (MDT): GET /css/bootstrap.min.css
Fri Sep 01 2017 00:20:44 GMT-0600 (MDT): GET /css/ie10-viewport-bug-workaround.css
Fri Sep 01 2017 00:20:44 GMT-0600 (MDT): GET /jumbotron-narrow.css
Fri Sep 01 2017 00:20:44 GMT-0600 (MDT): GET /assets/js/ie10-viewport-bug-workaround.js
Fri Sep 01 2017 00:23:09 GMT-0600 (MDT): GET /
Fri Sep 01 2017 00:23:09 GMT-0600 (MDT): GET /css/bootstrap.min.css
Fri Sep 01 2017 00:23:09 GMT-0600 (MDT): GET /css/ie10-viewport-bug-workaround.css
Fri Sep 01 2017 00:23:09 GMT-0600 (MDT): GET /jumbotron-narrow.css
Fri Sep 01 2017 00:23:09 GMT-0600 (MDT): GET /assets/js/ie10-viewport-bug-workaround.js
Fri Sep 01 2017 00:28:01 GMT-0600 (MDT): GET /
Fri Sep 01 2017 00:28:01 GMT-0600 (MDT): GET /jumbotron-narrow.css
Fri Sep 01 2017 00:28:01 GMT-0600 (MDT): GET /css/bootstrap.min.css
Fri Sep 01 2017 00:28:03 GMT-0600 (MDT): GET /
Fri Sep 01 2017 00:28:03 GMT-0600 (MDT): GET /css/bootstrap.min.css
Fri Sep 01 2017 00:28:03 GMT-0600 (MDT): GET /jumbotron-narrow.css
Fri Sep 01 2017 00:28:44 GMT-0600 (MDT): GET /
Fri Sep 01 2017 00:28:44 GMT-0600 (MDT): GET /css/bootstrap.min.css
Fri Sep 01 2017 00:28:44 GMT-0600 (MDT): GET /jumbotron-narrow.css
Fri Sep 01 2017 00:29:35 GMT-0600 (MDT): GET /
Fri Sep 01 2017 00:29:35 GMT-0600 (MDT): GET /jumbotron-narrow.css
Fri Sep 01 2017 00:29:35 GMT-0600 (MDT): GET /css/bootstrap.min.css
Fri Sep 01 2017 00:29:49 GMT-0600 (MDT): GET /
Fri Sep 01 2017 00:29:49 GMT-0600 (MDT): GET /css/bootstrap.min.css
Fri Sep 01 2017 00:29:49 GMT-0600 (MDT): GET /jumbotron-narrow.css
Fri Sep 01 2017 00:30:01 GMT-0600 (MDT): GET /
Fri Sep 01 2017 00:30:01 GMT-0600 (MDT): GET /css/bootstrap.min.css
Fri Sep 01 2017 00:30:01 GMT-0600 (MDT): GET /jumbotron-narrow.css
Fri Sep 01 2017 00:30:15 GMT-0600 (MDT): GET /
Fri Sep 01 2017 00:30:16 GMT-0600 (MDT): GET /css/bootstrap.min.css
Fri Sep 01 2017 00:30:16 GMT-0600 (MDT): GET /jumbotron-narrow.css
Fri Sep 01 2017 00:30:33 GMT-0600 (MDT): GET /
Fri Sep 01 2017 00:30:33 GMT-0600 (MDT): GET /css/bootstrap.min.css
Fri Sep 01 2017 00:30:33 GMT-0600 (MDT): GET /jumbotron-narrow.css
Fri Sep 01 2017 00:32:48 GMT-0600 (MDT): GET /
Fri Sep 01 2017 00:32:49 GMT-0600 (MDT): GET /css/bootstrap.min.css
Fri Sep 01 2017 00:32:49 GMT-0600 (MDT): GET /jumbotron-narrow.css
Fri Sep 01 2017 00:32:51 GMT-0600 (MDT): GET /
Fri Sep 01 2017 00:32:52 GMT-0600 (MDT): GET /css/bootstrap.min.css
Fri Sep 01 2017 00:32:52 GMT-0600 (MDT): GET /jumbotron-narrow.css
Fri Sep 01 2017 00:33:08 GMT-0600 (MDT): GET /
Fri Sep 01 2017 00:33:09 GMT-0600 (MDT): GET /css/bootstrap.min.css
Fri Sep 01 2017 00:33:09 GMT-0600 (MDT): GET /jumbotron-narrow.css
Fri Sep 01 2017 00:33:39 GMT-0600 (MDT): GET /
Fri Sep 01 2017 00:33:39 GMT-0600 (MDT): GET /css/bootstrap.min.css
Fri Sep 01 2017 00:33:39 GMT-0600 (MDT): GET /jumbotron-narrow.css
Fri Sep 01 2017 00:34:44 GMT-0600 (MDT): GET /
Fri Sep 01 2017 00:34:45 GMT-0600 (MDT): GET /css/bootstrap.min.css
Fri Sep 01 2017 00:34:45 GMT-0600 (MDT): GET /jumbotron-narrow.css
Fri Sep 01 2017 00:34:59 GMT-0600 (MDT): GET /
Fri Sep 01 2017 00:35:00 GMT-0600 (MDT): GET /css/bootstrap.min.css
Fri Sep 01 2017 00:35:00 GMT-0600 (MDT): GET /jumbotron-narrow.css
Fri Sep 01 2017 00:35:02 GMT-0600 (MDT): GET /
Fri Sep 01 2017 00:35:03 GMT-0600 (MDT): GET /css/bootstrap.min.css
Fri Sep 01 2017 00:35:03 GMT-0600 (MDT): GET /jumbotron-narrow.css
Fri Sep 01 2017 00:35:32 GMT-0600 (MDT): GET /
Fri Sep 01 2017 00:35:33 GMT-0600 (MDT): GET /
Fri Sep 01 2017 00:35:33 GMT-0600 (MDT): GET /css/bootstrap.min.css
Fri Sep 01 2017 00:35:33 GMT-0600 (MDT): GET /jumbotron-narrow.css
Fri Sep 01 2017 00:35:49 GMT-0600 (MDT): GET /
Fri Sep 01 2017 00:35:49 GMT-0600 (MDT): GET /css/bootstrap.min.css
Fri Sep 01 2017 00:35:49 GMT-0600 (MDT): GET /jumbotron-narrow.css
Fri Sep 01 2017 00:37:13 GMT-0600 (MDT): GET /
Fri Sep 01 2017 00:37:14 GMT-0600 (MDT): GET /css/bootstrap.min.css
Fri Sep 01 2017 00:37:14 GMT-0600 (MDT): GET /jumbotron-narrow.css
Fri Sep 01 2017 01:16:22 GMT-0600 (MDT): GET /
Fri Sep 01 2017 01:16:23 GMT-0600 (MDT): GET /css/bootstrap.min.css
Fri Sep 01 2017 01:16:23 GMT-0600 (MDT): GET /jumbotron-narrow.css
Fri Sep 01 2017 01:16:25 GMT-0600 (MDT): GET /
Fri Sep 01 2017 01:16:25 GMT-0600 (MDT): GET /jumbotron-narrow.css
Fri Sep 01 2017 01:16:25 GMT-0600 (MDT): GET /css/bootstrap.min.css
Fri Sep 01 2017 01:17:18 GMT-0600 (MDT): GET /
Fri Sep 01 2017 01:17:18 GMT-0600 (MDT): GET /css/bootstrap.min.css
Fri Sep 01 2017 01:17:18 GMT-0600 (MDT): GET /jumbotron-narrow.css
Fri Sep 01 2017 01:37:49 GMT-0600 (MDT): GET /
Fri Sep 01 2017 01:37:49 GMT-0600 (MDT): GET /css/bootstrap.min.css
Fri Sep 01 2017 01:37:49 GMT-0600 (MDT): GET /jumbotron-narrow.css
Fri Sep 01 2017 01:49:47 GMT-0600 (MDT): GET /
Fri Sep 01 2017 01:49:47 GMT-0600 (MDT): GET /css/bootstrap.min.css
Fri Sep 01 2017 01:49:47 GMT-0600 (MDT): GET /jumbotron-narrow.css
Fri Sep 01 2017 01:50:35 GMT-0600 (MDT): GET /
Fri Sep 01 2017 01:50:35 GMT-0600 (MDT): GET /css/bootstrap.min.css
Fri Sep 01 2017 01:50:35 GMT-0600 (MDT): GET /jumbotron-narrow.css
Fri Sep 01 2017 01:51:13 GMT-0600 (MDT): GET /
Fri Sep 01 2017 01:51:13 GMT-0600 (MDT): GET /css/bootstrap.min.css
Fri Sep 01 2017 01:51:13 GMT-0600 (MDT): GET /jumbotron-narrow.css
Fri Sep 01 2017 01:51:39 GMT-0600 (MDT): GET /
Fri Sep 01 2017 01:51:39 GMT-0600 (MDT): GET /css/bootstrap.min.css
Fri Sep 01 2017 01:51:39 GMT-0600 (MDT): GET /jumbotron-narrow.css
Fri Sep 01 2017 01:51:46 GMT-0600 (MDT): GET /
Fri Sep 01 2017 01:51:47 GMT-0600 (MDT): GET /css/bootstrap.min.css
Fri Sep 01 2017 01:51:47 GMT-0600 (MDT): GET /jumbotron-narrow.css
Fri Sep 01 2017 01:51:54 GMT-0600 (MDT): GET /
Fri Sep 01 2017 01:51:55 GMT-0600 (MDT): GET /css/bootstrap.min.css
Fri Sep 01 2017 01:51:55 GMT-0600 (MDT): GET /jumbotron-narrow.css
Fri Sep 01 2017 01:52:12 GMT-0600 (MDT): GET /
Fri Sep 01 2017 01:52:13 GMT-0600 (MDT): GET /css/bootstrap.min.css
Fri Sep 01 2017 01:52:13 GMT-0600 (MDT): GET /jumbotron-narrow.css
Fri Sep 01 2017 01:52:33 GMT-0600 (MDT): GET /
Fri Sep 01 2017 01:52:34 GMT-0600 (MDT): GET /css/bootstrap.min.css
Fri Sep 01 2017 01:52:34 GMT-0600 (MDT): GET /jumbotron-narrow.css
Fri Sep 01 2017 01:53:04 GMT-0600 (MDT): GET /
Fri Sep 01 2017 01:53:04 GMT-0600 (MDT): GET /css/bootstrap.min.css
Fri Sep 01 2017 01:53:04 GMT-0600 (MDT): GET /jumbotron-narrow.css
Fri Sep 01 2017 01:54:02 GMT-0600 (MDT): GET /
Fri Sep 01 2017 01:54:02 GMT-0600 (MDT): GET /css/bootstrap.min.css
Fri Sep 01 2017 01:54:02 GMT-0600 (MDT): GET /jumbotron-narrow.css
Fri Sep 01 2017 01:54:09 GMT-0600 (MDT): GET /
Fri Sep 01 2017 01:54:10 GMT-0600 (MDT): GET /css/bootstrap.min.css
Fri Sep 01 2017 01:54:10 GMT-0600 (MDT): GET /jumbotron-narrow.css
Fri Sep 01 2017 01:54:34 GMT-0600 (MDT): GET /
Fri Sep 01 2017 01:54:35 GMT-0600 (MDT): GET /css/bootstrap.min.css
Fri Sep 01 2017 01:54:35 GMT-0600 (MDT): GET /jumbotron-narrow.css
Fri Sep 01 2017 01:54:46 GMT-0600 (MDT): GET /
Fri Sep 01 2017 01:54:46 GMT-0600 (MDT): GET /css/bootstrap.min.css
Fri Sep 01 2017 01:54:46 GMT-0600 (MDT): GET /jumbotron-narrow.css
Fri Sep 01 2017 02:13:21 GMT-0600 (MDT): GET /
Fri Sep 01 2017 02:13:22 GMT-0600 (MDT): GET /css/bootstrap.min.css
Fri Sep 01 2017 02:13:22 GMT-0600 (MDT): GET /jumbotron-narrow.css
Fri Sep 01 2017 04:36:46 GMT-0600 (MDT): GET /
Fri Sep 01 2017 04:36:47 GMT-0600 (MDT): GET /jumbotron-narrow.css
Fri Sep 01 2017 04:36:47 GMT-0600 (MDT): GET /css/bootstrap.min.css
Fri Sep 01 2017 04:37:39 GMT-0600 (MDT): GET /
Fri Sep 01 2017 04:37:39 GMT-0600 (MDT): GET /css/bootstrap.min.css
Fri Sep 01 2017 04:37:39 GMT-0600 (MDT): GET /jumbotron-narrow.css
Fri Sep 01 2017 04:38:37 GMT-0600 (MDT): GET /
Fri Sep 01 2017 04:38:38 GMT-0600 (MDT): GET /css/bootstrap.min.css
Fri Sep 01 2017 04:38:38 GMT-0600 (MDT): GET /jumbotron-narrow.css
Fri Sep 01 2017 04:39:12 GMT-0600 (MDT): GET /
Fri Sep 01 2017 04:39:13 GMT-0600 (MDT): GET /css/bootstrap.min.css
Fri Sep 01 2017 04:39:13 GMT-0600 (MDT): GET /jumbotron-narrow.css
Fri Sep 01 2017 04:39:52 GMT-0600 (MDT): GET /
Fri Sep 01 2017 04:39:53 GMT-0600 (MDT): GET /css/bootstrap.min.css
Fri Sep 01 2017 04:39:53 GMT-0600 (MDT): GET /jumbotron-narrow.css
Fri Sep 01 2017 04:40:48 GMT-0600 (MDT): GET /
Fri Sep 01 2017 04:40:49 GMT-0600 (MDT): GET /css/bootstrap.min.css
Fri Sep 01 2017 04:40:49 GMT-0600 (MDT): GET /jumbotron-narrow.css
Fri Sep 01 2017 04:41:09 GMT-0600 (MDT): GET /
Fri Sep 01 2017 04:41:09 GMT-0600 (MDT): GET /css/bootstrap.min.css
Fri Sep 01 2017 04:41:09 GMT-0600 (MDT): GET /jumbotron-narrow.css
Fri Sep 01 2017 13:07:48 GMT-0600 (MDT): GET /
Fri Sep 01 2017 13:07:50 GMT-0600 (MDT): GET /jumbotron-narrow.css
Fri Sep 01 2017 13:07:50 GMT-0600 (MDT): GET /css/bootstrap.min.css
Fri Sep 01 2017 13:07:50 GMT-0600 (MDT): GET /favicon.ico
Fri Sep 01 2017 13:08:15 GMT-0600 (MDT): GET /
Fri Sep 01 2017 13:08:15 GMT-0600 (MDT): GET /css/bootstrap.min.css
Fri Sep 01 2017 13:08:15 GMT-0600 (MDT): GET /jumbotron-narrow.css
Fri Sep 01 2017 13:08:16 GMT-0600 (MDT): GET /favicon.ico
Fri Sep 01 2017 13:08:52 GMT-0600 (MDT): GET /
Fri Sep 01 2017 13:08:53 GMT-0600 (MDT): GET /css/bootstrap.min.css
Fri Sep 01 2017 13:08:53 GMT-0600 (MDT): GET /jumbotron-narrow.css
Fri Sep 01 2017 13:08:53 GMT-0600 (MDT): GET /favicon.ico
Fri Sep 01 2017 13:09:11 GMT-0600 (MDT): GET /
Fri Sep 01 2017 13:09:12 GMT-0600 (MDT): GET /css/bootstrap.min.css
Fri Sep 01 2017 13:09:12 GMT-0600 (MDT): GET /jumbotron-narrow.css
Fri Sep 01 2017 13:09:12 GMT-0600 (MDT): GET /favicon.ico
Fri Sep 01 2017 13:25:05 GMT-0600 (MDT): GET /
Fri Sep 01 2017 13:25:06 GMT-0600 (MDT): GET /jumbotron-narrow.css
Fri Sep 01 2017 13:25:06 GMT-0600 (MDT): GET /css/bootstrap.min.css
Fri Sep 01 2017 13:25:48 GMT-0600 (MDT): GET /
Fri Sep 01 2017 13:25:48 GMT-0600 (MDT): GET /css/bootstrap.min.css
Fri Sep 01 2017 13:25:48 GMT-0600 (MDT): GET /jumbotron-narrow.css
Fri Sep 01 2017 13:26:05 GMT-0600 (MDT): GET /
Fri Sep 01 2017 13:26:06 GMT-0600 (MDT): GET /css/bootstrap.min.css
Fri Sep 01 2017 13:26:06 GMT-0600 (MDT): GET /jumbotron-narrow.css
Fri Sep 01 2017 13:28:00 GMT-0600 (MDT): GET /
Fri Sep 01 2017 13:28:00 GMT-0600 (MDT): GET /css/bootstrap.min.css
Fri Sep 01 2017 13:28:00 GMT-0600 (MDT): GET /jumbotron-narrow.css
Fri Sep 01 2017 13:28:11 GMT-0600 (MDT): GET /css/bootstrap.min.css.map
Fri Sep 01 2017 13:28:28 GMT-0600 (MDT): GET /
Fri Sep 01 2017 13:28:28 GMT-0600 (MDT): GET /css/bootstrap.min.css
Fri Sep 01 2017 13:28:28 GMT-0600 (MDT): GET /jumbotron-narrow.css
Fri Sep 01 2017 13:28:29 GMT-0600 (MDT): GET /css/bootstrap.min.css.map
Fri Sep 01 2017 13:28:56 GMT-0600 (MDT): GET /
Fri Sep 01 2017 13:28:57 GMT-0600 (MDT): GET /css/bootstrap.min.css
Fri Sep 01 2017 13:28:57 GMT-0600 (MDT): GET /jumbotron-narrow.css
Fri Sep 01 2017 13:29:13 GMT-0600 (MDT): GET /
Fri Sep 01 2017 13:29:13 GMT-0600 (MDT): GET /css/bootstrap.min.css
Fri Sep 01 2017 13:29:13 GMT-0600 (MDT): GET /jumbotron-narrow.css
Fri Sep 01 2017 13:29:36 GMT-0600 (MDT): GET /
Fri Sep 01 2017 13:29:36 GMT-0600 (MDT): GET /css/bootstrap.min.css
Fri Sep 01 2017 13:29:36 GMT-0600 (MDT): GET /jumbotron-narrow.css
Fri Sep 01 2017 13:30:43 GMT-0600 (MDT): GET /
Fri Sep 01 2017 13:30:43 GMT-0600 (MDT): GET /css/bootstrap.min.css
Fri Sep 01 2017 13:30:43 GMT-0600 (MDT): GET /jumbotron-narrow.css
Fri Sep 01 2017 13:31:13 GMT-0600 (MDT): GET /
Fri Sep 01 2017 13:31:13 GMT-0600 (MDT): GET /css/bootstrap.min.css
Fri Sep 01 2017 13:31:13 GMT-0600 (MDT): GET /jumbotron-narrow.css
Fri Sep 01 2017 13:31:22 GMT-0600 (MDT): GET /
Fri Sep 01 2017 13:31:23 GMT-0600 (MDT): GET /css/bootstrap.min.css
Fri Sep 01 2017 13:31:23 GMT-0600 (MDT): GET /jumbotron-narrow.css
Fri Sep 01 2017 13:31:31 GMT-0600 (MDT): GET /
Fri Sep 01 2017 13:31:31 GMT-0600 (MDT): GET /css/bootstrap.min.css
Fri Sep 01 2017 13:31:31 GMT-0600 (MDT): GET /jumbotron-narrow.css
Fri Sep 01 2017 13:32:19 GMT-0600 (MDT): GET /
Fri Sep 01 2017 13:32:19 GMT-0600 (MDT): GET /css/bootstrap.min.css
Fri Sep 01 2017 13:32:19 GMT-0600 (MDT): GET /jumbotron-narrow.css
Fri Sep 01 2017 13:33:44 GMT-0600 (MDT): GET /
Fri Sep 01 2017 13:33:44 GMT-0600 (MDT): GET /css/bootstrap.min.css
Fri Sep 01 2017 13:33:44 GMT-0600 (MDT): GET /jumbotron-narrow.css
Fri Sep 01 2017 13:34:16 GMT-0600 (MDT): GET /
Fri Sep 01 2017 13:34:17 GMT-0600 (MDT): GET /css/bootstrap.min.css
Fri Sep 01 2017 13:34:17 GMT-0600 (MDT): GET /jumbotron-narrow.css
Fri Sep 01 2017 13:35:11 GMT-0600 (MDT): GET /
Fri Sep 01 2017 13:35:11 GMT-0600 (MDT): GET /css/bootstrap.min.css
Fri Sep 01 2017 13:35:11 GMT-0600 (MDT): GET /jumbotron-narrow.css
Sat Sep 02 2017 01:40:05 GMT-0600 (MDT): GET /
Sat Sep 02 2017 01:40:06 GMT-0600 (MDT): GET /favicon.ico
Sat Sep 02 2017 01:53:39 GMT-0600 (MDT): GET /
Sat Sep 02 2017 01:53:39 GMT-0600 (MDT): GET /favicon.ico
Sat Sep 02 2017 01:54:53 GMT-0600 (MDT): GET /
Sat Sep 02 2017 01:54:54 GMT-0600 (MDT): GET /favicon.ico
Sat Sep 02 2017 01:56:15 GMT-0600 (MDT): GET /
Sat Sep 02 2017 01:56:15 GMT-0600 (MDT): GET /favicon.ico
